<?xml version="1.0" encoding="UTF-8"?>
<!-- Generated by org.testng.reporters.JUnitReportReporter -->
<testsuite hostname="Asus-VivoBook" failures="0" tests="12" name="day06.Program4" time="0.040" errors="0" timestamp="2023-04-03T13:42:44 IST" skipped="0">
  <testcase classname="day06.Program4" name="testCases02" time="0.017"/>
  <system-out/>
  <testcase classname="day06.Program4" name="testCases03" time="0.002"/>
  <system-out/>
  <testcase classname="day06.Program4" name="testCases01" time="0.002"/>
  <system-out/>
  <testcase classname="day06.Program4" name="testCases01" time="0.003"/>
  <system-out/>
  <testcase classname="day06.Program4" name="testCases01" time="0.002"/>
  <system-out/>
  <testcase classname="day06.Program4" name="testCases01" time="0.002"/>
  <system-out/>
  <testcase classname="day06.Program4" name="testCases01" time="0.003"/>
  <system-out/>
  <testcase classname="day06.Program4" name="testCases01" time="0.002"/>
  <system-out/>
  <testcase classname="day06.Program4" name="testCases01" time="0.001"/>
  <system-out/>
  <testcase classname="day06.Program4" name="testCases01" time="0.002"/>
  <system-out/>
  <testcase classname="day06.Program4" name="testCases01" time="0.002"/>
  <system-out/>
  <testcase classname="day06.Program4" name="testCases01" time="0.002"/>
  <system-out/>
</testsuite> <!-- day06.Program4 -->
