<?xml version="1.0" encoding="UTF-8"?>
<!-- Generated by org.testng.reporters.JUnitReportReporter -->
<testsuite hostname="Asus-VivoBook" failures="0" tests="5" name="day06.Program1" time="0.015" errors="0" timestamp="2023-04-02T22:20:53 IST" skipped="0">
  <testcase classname="day06.Program1" name="testCases04" time="0.002"/>
  <system-out/>
  <testcase classname="day06.Program1" name="testCases05" time="0.002"/>
  <system-out/>
  <testcase classname="day06.Program1" name="testCases02" time="0.001"/>
  <system-out/>
  <testcase classname="day06.Program1" name="testCases03" time="0.001"/>
  <system-out/>
  <testcase classname="day06.Program1" name="testCases01" time="0.009"/>
  <system-out/>
</testsuite> <!-- day06.Program1 -->
