<?xml version="1.0" encoding="UTF-8"?>
<!-- Generated by org.testng.reporters.JUnitReportReporter -->
<testsuite hostname="Asus-VivoBook" failures="0" tests="2" name="day08.Program4" time="28.446" errors="0" timestamp="2023-04-05T08:57:23 IST" skipped="0">
  <testcase classname="day08.Program4" name="testCase_Edge_2" time="7.739"/>
  <system-out/>
  <testcase classname="day08.Program4" name="testCase_Edge_1" time="20.707"/>
  <system-out/>
</testsuite> <!-- day08.Program4 -->
