<?xml version="1.0" encoding="UTF-8"?>
<!-- Generated by org.testng.reporters.JUnitReportReporter -->
<testsuite hostname="Asus-VivoBook" failures="0" tests="1" name="day08.Program1" time="10.299" errors="0" timestamp="2023-04-05T08:35:01 IST" skipped="0">
  <testcase classname="day08.Program1" name="testCase" time="10.299"/>
  <system-out/>
</testsuite> <!-- day08.Program1 -->
