<?xml version="1.0" encoding="UTF-8"?>
<!-- Generated by org.testng.reporters.JUnitReportReporter -->
<testsuite hostname="Asus-VivoBook" failures="0" tests="3" name="day06.Program6" time="0.013" errors="0" timestamp="2023-03-31T09:03:54 IST" skipped="0">
  <testcase classname="day06.Program6" name="testCases03" time="0.006"/>
  <system-out/>
  <testcase classname="day06.Program6" name="testCases01" time="0.006"/>
  <system-out/>
  <testcase classname="day06.Program6" name="testCases02" time="0.001"/>
  <system-out/>
</testsuite> <!-- day06.Program6 -->
