<?xml version="1.0" encoding="UTF-8"?>
<!-- Generated by org.testng.reporters.JUnitReportReporter -->
<testsuite hostname="Asus-VivoBook" failures="0" tests="4" name="day07.Program2" time="0.019" errors="0" timestamp="2023-04-03T13:58:16 IST" skipped="0">
  <testcase classname="day07.Program2" name="testcase05" time="0.013"/>
  <system-out/>
  <testcase classname="day07.Program2" name="testcase07" time="0.003"/>
  <system-out/>
  <testcase classname="day07.Program2" name="testcase06" time="0.002"/>
  <system-out/>
  <testcase classname="day07.Program2" name="testcase08" time="0.001"/>
  <system-out/>
</testsuite> <!-- day07.Program2 -->
