<?xml version="1.0" encoding="UTF-8"?>
<!-- Generated by org.testng.reporters.JUnitReportReporter -->
<testsuite hostname="Asus-VivoBook" failures="0" tests="4" name="day08.Program2" time="34.564" errors="0" timestamp="2023-04-05T08:59:27 IST" skipped="0">
  <testcase classname="day08.Program2" name="testCase_Chrome_2" time="7.884"/>
  <system-out/>
  <testcase classname="day08.Program2" name="testCase_Edge_2" time="8.688"/>
  <system-out/>
  <testcase classname="day08.Program2" name="testCase_Chrome_1" time="8.984"/>
  <system-out/>
  <testcase classname="day08.Program2" name="testCase_Edge_1" time="9.008"/>
  <system-out/>
</testsuite> <!-- day08.Program2 -->
