<?xml version="1.0" encoding="UTF-8"?>
<!-- Generated by org.testng.reporters.JUnitReportReporter -->
<testsuite hostname="Asus-VivoBook" failures="0" tests="3" name="day07.Program3" time="29.636" errors="0" timestamp="2023-04-13T13:43:49 IST" skipped="0">
  <testcase classname="day07.Program3" name="testCase" time="13.064"/>
  <system-out/>
  <testcase classname="day07.Program3" name="testCase" time="8.316"/>
  <system-out/>
  <testcase classname="day07.Program3" name="testCase" time="8.256"/>
  <system-out/>
</testsuite> <!-- day07.Program3 -->
