<?xml version="1.0" encoding="UTF-8"?>
<!-- Generated by org.testng.reporters.JUnitReportReporter -->
<testsuite hostname="Asus-VivoBook" failures="0" tests="5" name="day06.Program7" time="0.006" errors="0" timestamp="2023-04-02T22:20:53 IST" skipped="0">
  <testcase classname="day06.Program7" name="testCases10" time="0.002"/>
  <system-out/>
  <testcase classname="day06.Program7" name="testCases09" time="0.001"/>
  <system-out/>
  <testcase classname="day06.Program7" name="testCases06" time="0.001"/>
  <system-out/>
  <testcase classname="day06.Program7" name="testCases07" time="0.001"/>
  <system-out/>
  <testcase classname="day06.Program7" name="testCases08" time="0.001"/>
  <system-out/>
</testsuite> <!-- day06.Program7 -->
