<?xml version="1.0" encoding="UTF-8"?>
<!-- Generated by org.testng.reporters.JUnitReportReporter -->
<testsuite hostname="Asus-VivoBook" failures="0" tests="2" name="day08.Program3" time="27.770" errors="0" timestamp="2023-04-05T08:57:23 IST" skipped="0">
  <testcase classname="day08.Program3" name="testCase_Chrome_1" time="21.275"/>
  <system-out/>
  <testcase classname="day08.Program3" name="testCase_Chrome_2" time="6.495"/>
  <system-out/>
</testsuite> <!-- day08.Program3 -->
