<?xml version="1.0" encoding="UTF-8"?>
<!-- Generated by org.testng.reporters.JUnitReportReporter -->
<testsuite hostname="Asus-VivoBook" failures="0" tests="3" name="day06.Program7" time="0.003" errors="0" timestamp="2023-03-31T09:17:06 IST" skipped="0">
  <testcase classname="day06.Program7" name="testCases07" time="0.001"/>
  <system-out/>
  <testcase classname="day06.Program7" name="testCases10" time="0.001"/>
  <system-out/>
  <testcase classname="day06.Program7" name="testCases09" time="0.001"/>
  <system-out/>
</testsuite> <!-- day06.Program7 -->
