<?xml version="1.0" encoding="UTF-8"?>
<!-- Generated by org.testng.reporters.JUnitReportReporter -->
<testsuite hostname="Asus-VivoBook" failures="0" tests="3" name="day06.Program5" time="0.014" errors="0" timestamp="2023-04-03T13:44:51 IST" skipped="0">
  <testcase classname="day06.Program5" name="testCases01" time="0.010"/>
  <system-out/>
  <testcase classname="day06.Program5" name="testCases02" time="0.002"/>
  <system-out/>
  <testcase classname="day06.Program5" name="testCases03" time="0.002"/>
  <system-out/>
</testsuite> <!-- day06.Program5 -->
