<?xml version="1.0" encoding="UTF-8"?>
<!-- Generated by org.testng.reporters.JUnitReportReporter -->
<testsuite hostname="Asus-VivoBook" failures="0" tests="3" name="day06.Program5" time="0.009" errors="0" timestamp="2023-03-31T09:02:28 IST" skipped="0">
  <testcase classname="day06.Program5" name="testCases03" time="0.002"/>
  <system-out/>
  <testcase classname="day06.Program5" name="testCases01" time="0.005"/>
  <system-out/>
  <testcase classname="day06.Program5" name="testCases02" time="0.002"/>
  <system-out/>
</testsuite> <!-- day06.Program5 -->
