<?xml version="1.0" encoding="UTF-8"?>
<!-- Generated by org.testng.reporters.JUnitReportReporter -->
<testsuite hostname="Asus-VivoBook" failures="0" tests="1" name="day08.Program1" time="6.592" errors="0" timestamp="2023-04-13T09:15:27 IST" skipped="0">
  <testcase classname="day08.Program1" name="testCase" time="6.592"/>
  <system-out/>
</testsuite> <!-- day08.Program1 -->
